{
    "token": "lxjse3ubjb",
    "event": "transaction",
    "id": 16735935,
    "hash": "fl1jcd91lp",
    "payment_method": "pix",
    "payment_status": "waiting_payment",
    "installments": 1,
    "status_reason": null,
    "pix": {
        "pix_url": null,
        "pix_qr_code": "00020101021226940014br.gov.bcb.pix2572qrcode.hyperwalletip.com.br\/dynamic\/4e43c915-7d57-4a26-bc7c-6664dc26a0745204000053039865802BR5911STONFY LTDA6009Sao Paulo62070503***63040A4F",
        "qr_code_base64": null
    },
    "billet": null,
    "amount": 1990,
    "amount_total": 1990,
    "amount_liquid": 1761,
    "transaction": "ae364e957df045b59e8c95e73bec5011",
    "utm_source": "organic",
    "utm_campaign": "null",
    "utm_content": "null",
    "utm_term": "null",
    "utm_medium": "null",
    "customer": {
        "id": "illaxyylsg",
        "name": "Maria Concei\u00e7\u00e3o",
        "email": "cliente@email.com",
        "phone_number": "47898989898",
        "document": "16931718487",
        "zip_code": "89235025",
        "street_name": "Rua Chico Mendes",
        "phone_coutry_code": "55",
        "number": "12",
        "complement": "",
        "neighborhood": "Boehmerwald",
        "city": "S\u00e3o Paulo",
        "state": "SP",
        "country": "br"
    },
    "producer": {
        "hash": "zleq8nspzs",
        "name": "Brayan Do Digital LTDA",
        "recipient_type": "company",
        "recipient_id": "re_zojhkesmglb671v"
    },
    "affiliate": null,
    "offer": {
        "offerId": 684274,
        "hash": "waoij5w3im",
        "title": "Sistema de Transfer\u00eancias",
        "cover": null,
        "price": 9176,
        "url": "https:\/\/go.invictuspay.app.br\/waoij5w3im",
        "status": 1,
        "created_at": "2025-12-22 10:06:39",
        "updated_at": "2025-12-22 10:07:03"
    },
    "product": {
        "hash": "fkrgs8ykfd",
        "title": "Sistema de Transfer\u00eancias",
        "cover": "https:\/\/dlzpblyjxiqfa.cloudfront.net\/4207945333\/products\/5ig7dppu7cxzcidlgyihpk1jp",
        "product_type": "digital",
        "guaranted_days": "7",
        "sale_page": "https:\/\/.com.br",
        "support_name": "tiktok",
        "support_email": "tiktok@sac.com",
        "offers": [
            {
                "offerId": 699077,
                "hash": "fkrgs8ykfd_l7a7i92nse",
                "title": null,
                "cover": null,
                "price": 1990,
                "url": "https:\/\/go.invictuspay.app.br\/fkrgs8ykfd_l7a7i92nse",
                "status": 1,
                "created_at": "2025-12-31 17:27:23",
                "updated_at": "2025-12-31 17:27:23"
            },
            {
                "offerId": 684274,
                "hash": "waoij5w3im",
                "title": "Sistema de Transfer\u00eancias",
                "cover": null,
                "price": 9176,
                "url": "https:\/\/go.invictuspay.app.br\/waoij5w3im",
                "status": 1,
                "created_at": "2025-12-22 10:06:39",
                "updated_at": "2025-12-22 10:07:03"
            }
        ],
        "status": 1
    },
    "items": [
        {
            "hash": "fkrgs8ykfd",
            "title": "Sistema de Transfer\u00eancias",
            "price": 1990,
            "quantity": 1,
            "operation_type": "sale"
        }
    ],
    "balance": null,
    "postback_url": null,
    "created_at": "2025-12-31 17:49:57",
    "updated_at": "2025-12-31 17:49:57"
}